This file contains any messages produced by compilers while
running configure, to aid debugging if configure makes a mistake.

It was created by configure, which was
generated by GNU Autoconf 2.69.  Invocation command line was

  $ ./configure 

## --------- ##
## Platform. ##
## --------- ##

hostname = centauri.local
uname -m = i386
uname -r = 10.7.0
uname -s = Darwin
uname -v = Darwin Kernel Version 10.7.0: Sat Jan 29 15:17:16 PST 2011; root:xnu-1504.9.37~1/RELEASE_I386

/usr/bin/uname -p = i386
/bin/uname -X     = unknown

/bin/arch              = unknown
/usr/bin/arch -k       = unknown
/usr/convex/getsysinfo = unknown
/usr/bin/hostinfo      = Mach kernel version:
	 Darwin Kernel Version 10.7.0: Sat Jan 29 15:17:16 PST 2011; root:xnu-1504.9.37~1/RELEASE_I386
Kernel configured for up to 8 processors.
4 processors are physically available.
8 processors are logically available.
Processor type: i486 (Intel 80486)
Processors active: 0 1 2 3 4 5 6 7
Primary memory available: 6.00 gigabytes
Default processor set: 108 tasks, 611 threads, 8 processors
Load average: 0.09, Mach factor: 7.90
/bin/machine           = unknown
/usr/bin/oslevel       = unknown
/bin/universe          = unknown

PATH: /sw/godi/bin
PATH: /sw/godi/sbin
PATH: /usr/local/cuda/bin
PATH: /Library/Frameworks/Python.framework/Versions/2.6/bin
PATH: /sw/bin
PATH: /sw/sbin
PATH: /usr/local/bin
PATH: /Users/malfunct/bin
PATH: /usr/bin
PATH: /bin
PATH: /usr/sbin
PATH: /sbin
PATH: /usr/local/bin
PATH: /usr/X11/bin
PATH: /usr/X11R6/bin


## ----------- ##
## Core tests. ##
## ----------- ##

configure:2849: checking for gcc
configure:2865: found /usr/bin/gcc
configure:2876: result: gcc
configure:3105: checking for C compiler version
configure:3114: gcc --version >&5
i686-apple-darwin10-gcc-4.2.1 (GCC) 4.2.1 (Apple Inc. build 5666) (dot 3)
Copyright (C) 2007 Free Software Foundation, Inc.
This is free software; see the source for copying conditions.  There is NO
warranty; not even for MERCHANTABILITY or FITNESS FOR A PARTICULAR PURPOSE.

configure:3125: $? = 0
configure:3114: gcc -v >&5
Using built-in specs.
Target: i686-apple-darwin10
Configured with: /var/tmp/gcc/gcc-5666.3~6/src/configure --disable-checking --enable-werror --prefix=/usr --mandir=/share/man --enable-languages=c,objc,c++,obj-c++ --program-transform-name=/^[cg][^.-]*$/s/$/-4.2/ --with-slibdir=/usr/lib --build=i686-apple-darwin10 --program-prefix=i686-apple-darwin10- --host=x86_64-apple-darwin10 --target=i686-apple-darwin10 --with-gxx-include-dir=/include/c++/4.2.1
Thread model: posix
gcc version 4.2.1 (Apple Inc. build 5666) (dot 3)
configure:3125: $? = 0
configure:3114: gcc -V >&5
gcc-4.2: argument to `-V' is missing
configure:3125: $? = 1
configure:3114: gcc -qversion >&5
i686-apple-darwin10-gcc-4.2.1: no input files
configure:3125: $? = 1
configure:3145: checking whether the C compiler works
configure:3167: gcc -I/sw/include -I/sw/include -L/sw/lib conftest.c  >&5
configure:3171: $? = 0
configure:3219: result: yes
configure:3222: checking for C compiler default output file name
configure:3224: result: a.out
configure:3230: checking for suffix of executables
configure:3237: gcc -o conftest -I/sw/include -I/sw/include -L/sw/lib conftest.c  >&5
configure:3241: $? = 0
configure:3263: result: 
configure:3285: checking whether we are cross compiling
configure:3293: gcc -o conftest -I/sw/include -I/sw/include -L/sw/lib conftest.c  >&5
configure:3297: $? = 0
configure:3304: ./conftest
configure:3308: $? = 0
configure:3323: result: no
configure:3328: checking for suffix of object files
configure:3350: gcc -c -I/sw/include -I/sw/include conftest.c >&5
configure:3354: $? = 0
configure:3375: result: o
configure:3379: checking whether we are using the GNU C compiler
configure:3398: gcc -c -I/sw/include -I/sw/include conftest.c >&5
configure:3398: $? = 0
configure:3407: result: yes
configure:3416: checking whether gcc accepts -g
configure:3436: gcc -c -g -I/sw/include conftest.c >&5
configure:3436: $? = 0
configure:3477: result: yes
configure:3494: checking for gcc option to accept ISO C89
configure:3557: gcc  -c -I/sw/include -I/sw/include conftest.c >&5
configure:3557: $? = 0
configure:3570: result: none needed
configure:3648: checking for g++
configure:3664: found /usr/bin/g++
configure:3675: result: g++
configure:3702: checking for C++ compiler version
configure:3711: g++ --version >&5
i686-apple-darwin10-g++-4.2.1 (GCC) 4.2.1 (Apple Inc. build 5666) (dot 3)
Copyright (C) 2007 Free Software Foundation, Inc.
This is free software; see the source for copying conditions.  There is NO
warranty; not even for MERCHANTABILITY or FITNESS FOR A PARTICULAR PURPOSE.

configure:3722: $? = 0
configure:3711: g++ -v >&5
Using built-in specs.
Target: i686-apple-darwin10
Configured with: /var/tmp/gcc/gcc-5666.3~6/src/configure --disable-checking --enable-werror --prefix=/usr --mandir=/share/man --enable-languages=c,objc,c++,obj-c++ --program-transform-name=/^[cg][^.-]*$/s/$/-4.2/ --with-slibdir=/usr/lib --build=i686-apple-darwin10 --program-prefix=i686-apple-darwin10- --host=x86_64-apple-darwin10 --target=i686-apple-darwin10 --with-gxx-include-dir=/include/c++/4.2.1
Thread model: posix
gcc version 4.2.1 (Apple Inc. build 5666) (dot 3)
configure:3722: $? = 0
configure:3711: g++ -V >&5
g++-4.2: argument to `-V' is missing
configure:3722: $? = 1
configure:3711: g++ -qversion >&5
i686-apple-darwin10-g++-4.2.1: no input files
configure:3722: $? = 1
configure:3726: checking whether we are using the GNU C++ compiler
configure:3745: g++ -c -g -I/sw/include conftest.cpp >&5
configure:3745: $? = 0
configure:3754: result: yes
configure:3763: checking whether g++ accepts -g
configure:3783: g++ -c -g -I/sw/include conftest.cpp >&5
configure:3783: $? = 0
configure:3824: result: yes
configure:3848: checking for library containing strerror
configure:3879: gcc -o conftest -I/sw/include -I/sw/include -L/sw/lib conftest.c  >&5
configure:3879: $? = 0
configure:3896: result: none required
configure:3980: checking build system type
configure:3994: result: i386-apple-darwin10.7.0
configure:4014: checking host system type
configure:4027: result: i386-apple-darwin10.7.0
configure:4047: checking for a sed that does not truncate output
configure:4103: result: /usr/bin/sed
configure:4106: checking for grep that handles long lines and -e
configure:4164: result: /usr/bin/grep
configure:4169: checking for egrep
configure:4231: result: /usr/bin/grep -E
configure:4247: checking for ld used by gcc
configure:4314: result: /usr/libexec/gcc/i686-apple-darwin10/4.2.1/ld
configure:4321: checking if the linker (/usr/libexec/gcc/i686-apple-darwin10/4.2.1/ld) is GNU ld
configure:4336: result: no
configure:4341: checking for /usr/libexec/gcc/i686-apple-darwin10/4.2.1/ld option to reload object files
configure:4348: result: -r
configure:4366: checking for BSD-compatible nm
configure:4415: result: /usr/bin/nm
configure:4419: checking whether ln -s works
configure:4423: result: yes
configure:4430: checking how to recognize dependent libraries
configure:4616: result: pass_all
configure:4835: checking how to run the C preprocessor
configure:4866: gcc -E -I/sw/include conftest.c
configure:4866: $? = 0
configure:4880: gcc -E -I/sw/include conftest.c
conftest.c:9:28: error: ac_nonexistent.h: No such file or directory
configure:4880: $? = 1
configure: failed program was:
| /* confdefs.h */
| #define PACKAGE_NAME ""
| #define PACKAGE_TARNAME ""
| #define PACKAGE_VERSION ""
| #define PACKAGE_STRING ""
| #define PACKAGE_BUGREPORT ""
| #define PACKAGE_URL ""
| /* end confdefs.h.  */
| #include <ac_nonexistent.h>
configure:4905: result: gcc -E
configure:4925: gcc -E -I/sw/include conftest.c
configure:4925: $? = 0
configure:4939: gcc -E -I/sw/include conftest.c
conftest.c:9:28: error: ac_nonexistent.h: No such file or directory
configure:4939: $? = 1
configure: failed program was:
| /* confdefs.h */
| #define PACKAGE_NAME ""
| #define PACKAGE_TARNAME ""
| #define PACKAGE_VERSION ""
| #define PACKAGE_STRING ""
| #define PACKAGE_BUGREPORT ""
| #define PACKAGE_URL ""
| /* end confdefs.h.  */
| #include <ac_nonexistent.h>
configure:4968: checking for ANSI C header files
configure:4988: gcc -c -I/sw/include -I/sw/include conftest.c >&5
configure:4988: $? = 0
configure:5061: gcc -o conftest -I/sw/include -I/sw/include -L/sw/lib conftest.c  >&5
configure:5061: $? = 0
configure:5061: ./conftest
configure:5061: $? = 0
configure:5072: result: yes
configure:5085: checking for sys/types.h
configure:5085: gcc -c -I/sw/include -I/sw/include conftest.c >&5
configure:5085: $? = 0
configure:5085: result: yes
configure:5085: checking for sys/stat.h
configure:5085: gcc -c -I/sw/include -I/sw/include conftest.c >&5
configure:5085: $? = 0
configure:5085: result: yes
configure:5085: checking for stdlib.h
configure:5085: gcc -c -I/sw/include -I/sw/include conftest.c >&5
configure:5085: $? = 0
configure:5085: result: yes
configure:5085: checking for string.h
configure:5085: gcc -c -I/sw/include -I/sw/include conftest.c >&5
configure:5085: $? = 0
configure:5085: result: yes
configure:5085: checking for memory.h
configure:5085: gcc -c -I/sw/include -I/sw/include conftest.c >&5
configure:5085: $? = 0
configure:5085: result: yes
configure:5085: checking for strings.h
configure:5085: gcc -c -I/sw/include -I/sw/include conftest.c >&5
configure:5085: $? = 0
configure:5085: result: yes
configure:5085: checking for inttypes.h
configure:5085: gcc -c -I/sw/include -I/sw/include conftest.c >&5
configure:5085: $? = 0
configure:5085: result: yes
configure:5085: checking for stdint.h
configure:5085: gcc -c -I/sw/include -I/sw/include conftest.c >&5
configure:5085: $? = 0
configure:5085: result: yes
configure:5085: checking for unistd.h
configure:5085: gcc -c -I/sw/include -I/sw/include conftest.c >&5
configure:5085: $? = 0
configure:5085: result: yes
configure:5099: checking dlfcn.h usability
configure:5099: gcc -c -I/sw/include -I/sw/include conftest.c >&5
configure:5099: $? = 0
configure:5099: result: yes
configure:5099: checking dlfcn.h presence
configure:5099: gcc -E -I/sw/include conftest.c
configure:5099: $? = 0
configure:5099: result: yes
configure:5099: checking for dlfcn.h
configure:5099: result: yes
configure:5119: checking how to run the C++ preprocessor
configure:5146: g++ -E -I/sw/include conftest.cpp
configure:5146: $? = 0
configure:5160: g++ -E -I/sw/include conftest.cpp
conftest.cpp:20:28: error: ac_nonexistent.h: No such file or directory
configure:5160: $? = 1
configure: failed program was:
| /* confdefs.h */
| #define PACKAGE_NAME ""
| #define PACKAGE_TARNAME ""
| #define PACKAGE_VERSION ""
| #define PACKAGE_STRING ""
| #define PACKAGE_BUGREPORT ""
| #define PACKAGE_URL ""
| #define STDC_HEADERS 1
| #define HAVE_SYS_TYPES_H 1
| #define HAVE_SYS_STAT_H 1
| #define HAVE_STDLIB_H 1
| #define HAVE_STRING_H 1
| #define HAVE_MEMORY_H 1
| #define HAVE_STRINGS_H 1
| #define HAVE_INTTYPES_H 1
| #define HAVE_STDINT_H 1
| #define HAVE_UNISTD_H 1
| #define HAVE_DLFCN_H 1
| /* end confdefs.h.  */
| #include <ac_nonexistent.h>
configure:5185: result: g++ -E
configure:5205: g++ -E -I/sw/include conftest.cpp
configure:5205: $? = 0
configure:5219: g++ -E -I/sw/include conftest.cpp
conftest.cpp:20:28: error: ac_nonexistent.h: No such file or directory
configure:5219: $? = 1
configure: failed program was:
| /* confdefs.h */
| #define PACKAGE_NAME ""
| #define PACKAGE_TARNAME ""
| #define PACKAGE_VERSION ""
| #define PACKAGE_STRING ""
| #define PACKAGE_BUGREPORT ""
| #define PACKAGE_URL ""
| #define STDC_HEADERS 1
| #define HAVE_SYS_TYPES_H 1
| #define HAVE_SYS_STAT_H 1
| #define HAVE_STDLIB_H 1
| #define HAVE_STRING_H 1
| #define HAVE_MEMORY_H 1
| #define HAVE_STRINGS_H 1
| #define HAVE_INTTYPES_H 1
| #define HAVE_STDINT_H 1
| #define HAVE_UNISTD_H 1
| #define HAVE_DLFCN_H 1
| /* end confdefs.h.  */
| #include <ac_nonexistent.h>
configure:5303: checking for g77
configure:5333: result: no
configure:5303: checking for xlf
configure:5333: result: no
configure:5303: checking for f77
configure:5333: result: no
configure:5303: checking for frt
configure:5333: result: no
configure:5303: checking for pgf77
configure:5333: result: no
configure:5303: checking for cf77
configure:5333: result: no
configure:5303: checking for fort77
configure:5333: result: no
configure:5303: checking for fl32
configure:5333: result: no
configure:5303: checking for af77
configure:5333: result: no
configure:5303: checking for xlf90
configure:5333: result: no
configure:5303: checking for f90
configure:5333: result: no
configure:5303: checking for pgf90
configure:5333: result: no
configure:5303: checking for pghpf
configure:5333: result: no
configure:5303: checking for epcf90
configure:5333: result: no
configure:5303: checking for gfortran
configure:5319: found /usr/local/bin/gfortran
configure:5330: result: gfortran
configure:5356: checking for Fortran 77 compiler version
configure:5365: gfortran --version >&5
GNU Fortran 95 (GCC) 4.2.0 20061007 (experimental)
Copyright (C) 2006 Free Software Foundation, Inc.

GNU Fortran comes with NO WARRANTY, to the extent permitted by law.
You may redistribute copies of GNU Fortran
under the terms of the GNU General Public License.
For more information about these matters, see the file named COPYING

configure:5376: $? = 0
configure:5365: gfortran -v >&5
Using built-in specs.
Target: i386-apple-darwin8.8.1
Configured with: ../gcc-4.2-20061007/configure --enable-languages=fortran
Thread model: posix
gcc version 4.2.0 20061007 (experimental)
configure:5376: $? = 0
configure:5365: gfortran -V >&5
gfortran: '-V' option must have argument
configure:5376: $? = 1
configure:5365: gfortran -qversion >&5
gfortran: unrecognized option '-qversion'
gfortran: no input files
configure:5376: $? = 1
configure:5385: checking whether we are using the GNU Fortran 77 compiler
configure:5398: gfortran -c  conftest.F >&5
configure:5398: $? = 0
configure:5407: result: yes
configure:5413: checking whether gfortran accepts -g
configure:5424: gfortran -c -g conftest.f >&5
configure:5424: $? = 0
configure:5432: result: yes
configure:5465: checking the maximum length of command line arguments
configure:5577: result: 196608
configure:5589: checking command to parse /usr/bin/nm output from gcc object
configure:5694: gcc -c -I/sw/include -I/sw/include conftest.c >&5
configure:5697: $? = 0
configure:5701: /usr/bin/nm conftest.o \| sed -n -e 's/^.*[ 	]\([BCDEGRST][BCDEGRST]*\)[ 	][ 	]*\([_A-Za-z][_A-Za-z0-9]*\)$/\1 \2 \2/p' \> conftest.nm
configure:5704: $? = 0
cannot find nm_test_var in conftest.nm
configure:5694: gcc -c -I/sw/include -I/sw/include conftest.c >&5
configure:5697: $? = 0
configure:5701: /usr/bin/nm conftest.o \| sed -n -e 's/^.*[ 	]\([BCDEGRST][BCDEGRST]*\)[ 	][ 	]*_\([_A-Za-z][_A-Za-z0-9]*\)$/\1 _\2 \2/p' \> conftest.nm
configure:5704: $? = 0
configure:5756: gcc -o conftest -I/sw/include -I/sw/include -L/sw/lib conftest.c conftstm.o >&5
configure:5759: $? = 0
configure:5797: result: ok
configure:5801: checking for objdir
configure:5816: result: .libs
configure:5908: checking for ar
configure:5924: found /usr/bin/ar
configure:5935: result: ar
configure:6000: checking for ranlib
configure:6016: found /usr/bin/ranlib
configure:6027: result: ranlib
configure:6092: checking for strip
configure:6108: found /usr/bin/strip
configure:6119: result: strip
configure:6372: checking for dsymutil
configure:6388: found /usr/bin/dsymutil
configure:6399: result: dsymutil
configure:6464: checking for nmedit
configure:6480: found /usr/bin/nmedit
configure:6491: result: nmedit
configure:6514: checking for -single_module linker flag
configure:6535: result: yes
configure:6537: checking for -exported_symbols_list linker flag
configure:6557: gcc -o conftest -I/sw/include -I/sw/include -L/sw/lib -Wl,-exported_symbols_list,conftest.sym conftest.c  >&5
configure:6557: $? = 0
configure:6567: result: yes
configure:6680: checking if gcc supports -fno-rtti -fno-exceptions
configure:6698: gcc -c -I/sw/include -I/sw/include -fno-rtti -fno-exceptions conftest.c >&5
cc1: warning: command line option "-fno-rtti" is valid for C++/ObjC++ but not for C
configure:6702: $? = 0
configure:6715: result: no
configure:6730: checking for gcc option to produce PIC
configure:6962: result: -fno-common
configure:6970: checking if gcc PIC flag -fno-common works
configure:6988: gcc -c -I/sw/include -I/sw/include -fno-common -DPIC conftest.c >&5
configure:6992: $? = 0
configure:7005: result: yes
configure:7033: checking if gcc static flag -static works
configure:7061: result: no
configure:7071: checking if gcc supports -c -o file.o
configure:7092: gcc -c -I/sw/include -I/sw/include -o out/conftest2.o conftest.c >&5
configure:7096: $? = 0
configure:7118: result: yes
configure:7144: checking whether the gcc linker (/usr/libexec/gcc/i686-apple-darwin10/4.2.1/ld) supports shared libraries
configure:8052: result: yes
configure:8119: checking dynamic linker characteristics
configure:8721: result: darwin10.7.0 dyld
configure:8745: checking how to hardcode library paths into programs
configure:8770: result: immediate
configure:8784: checking whether stripping libraries is possible
configure:8798: result: yes
configure:9306: checking if libtool supports shared libraries
configure:9308: result: yes
configure:9311: checking whether to build shared libraries
configure:9332: result: yes
configure:9335: checking whether to build static libraries
configure:9339: result: yes
configure:9433: creating libtool
configure:10022: checking for ld used by g++
configure:10089: result: /usr/libexec/gcc/i686-apple-darwin10/4.2.1/ld
configure:10096: checking if the linker (/usr/libexec/gcc/i686-apple-darwin10/4.2.1/ld) is GNU ld
configure:10111: result: no
configure:10162: checking whether the g++ linker (/usr/libexec/gcc/i686-apple-darwin10/4.2.1/ld) supports shared libraries
configure:11054: result: yes
configure:11071: g++ -c -g -I/sw/include conftest.cpp >&5
configure:11074: $? = 0
configure:11230: checking for g++ option to produce PIC
configure:11514: result: -fno-common
configure:11522: checking if g++ PIC flag -fno-common works
configure:11540: g++ -c -g -I/sw/include -fno-common -DPIC conftest.cpp >&5
configure:11544: $? = 0
configure:11557: result: yes
configure:11585: checking if g++ static flag -static works
configure:11613: result: no
configure:11623: checking if g++ supports -c -o file.o
configure:11644: g++ -c -g -I/sw/include -o out/conftest2.o conftest.cpp >&5
configure:11648: $? = 0
configure:11670: result: yes
configure:11696: checking whether the g++ linker (/usr/libexec/gcc/i686-apple-darwin10/4.2.1/ld) supports shared libraries
configure:11722: result: yes
configure:11789: checking dynamic linker characteristics
configure:12339: result: darwin10.7.0 dyld
configure:12363: checking how to hardcode library paths into programs
configure:12388: result: immediate
configure:12927: checking if libtool supports shared libraries
configure:12929: result: yes
configure:12932: checking whether to build shared libraries
configure:12952: result: yes
configure:12955: checking whether to build static libraries
configure:12959: result: yes
configure:12969: checking for gfortran option to produce PIC
configure:13201: result: -fno-common
configure:13209: checking if gfortran PIC flag -fno-common works
configure:13227: gfortran -c -g -O2 -fno-common conftest.f >&5
configure:13231: $? = 0
configure:13244: result: yes
configure:13272: checking if gfortran static flag -static works
configure:13300: result: no
configure:13310: checking if gfortran supports -c -o file.o
configure:13331: gfortran -c -g -O2 -o out/conftest2.o conftest.f >&5
configure:13335: $? = 0
configure:13357: result: yes
configure:13383: checking whether the gfortran linker (/usr/libexec/gcc/i686-apple-darwin10/4.2.1/ld) supports shared libraries
configure:14279: result: yes
configure:14346: checking dynamic linker characteristics
configure:14896: result: darwin10.7.0 dyld
configure:14920: checking how to hardcode library paths into programs
configure:14945: result: immediate
configure:18481: checking for ANSI C header files
configure:18585: result: yes
configure:18596: checking malloc.h usability
configure:18596: g++ -c -g -I/sw/include conftest.cpp >&5
conftest.cpp:54:20: error: malloc.h: No such file or directory
configure:18596: $? = 1
configure: failed program was:
| /* confdefs.h */
| #define PACKAGE_NAME ""
| #define PACKAGE_TARNAME ""
| #define PACKAGE_VERSION ""
| #define PACKAGE_STRING ""
| #define PACKAGE_BUGREPORT ""
| #define PACKAGE_URL ""
| #define STDC_HEADERS 1
| #define HAVE_SYS_TYPES_H 1
| #define HAVE_SYS_STAT_H 1
| #define HAVE_STDLIB_H 1
| #define HAVE_STRING_H 1
| #define HAVE_MEMORY_H 1
| #define HAVE_STRINGS_H 1
| #define HAVE_INTTYPES_H 1
| #define HAVE_STDINT_H 1
| #define HAVE_UNISTD_H 1
| #define HAVE_DLFCN_H 1
| #define STDC_HEADERS 1
| /* end confdefs.h.  */
| #include <stdio.h>
| #ifdef HAVE_SYS_TYPES_H
| # include <sys/types.h>
| #endif
| #ifdef HAVE_SYS_STAT_H
| # include <sys/stat.h>
| #endif
| #ifdef STDC_HEADERS
| # include <stdlib.h>
| # include <stddef.h>
| #else
| # ifdef HAVE_STDLIB_H
| #  include <stdlib.h>
| # endif
| #endif
| #ifdef HAVE_STRING_H
| # if !defined STDC_HEADERS && defined HAVE_MEMORY_H
| #  include <memory.h>
| # endif
| # include <string.h>
| #endif
| #ifdef HAVE_STRINGS_H
| # include <strings.h>
| #endif
| #ifdef HAVE_INTTYPES_H
| # include <inttypes.h>
| #endif
| #ifdef HAVE_STDINT_H
| # include <stdint.h>
| #endif
| #ifdef HAVE_UNISTD_H
| # include <unistd.h>
| #endif
| #include <malloc.h>
configure:18596: result: no
configure:18596: checking malloc.h presence
configure:18596: g++ -E -I/sw/include conftest.cpp
conftest.cpp:21:20: error: malloc.h: No such file or directory
configure:18596: $? = 1
configure: failed program was:
| /* confdefs.h */
| #define PACKAGE_NAME ""
| #define PACKAGE_TARNAME ""
| #define PACKAGE_VERSION ""
| #define PACKAGE_STRING ""
| #define PACKAGE_BUGREPORT ""
| #define PACKAGE_URL ""
| #define STDC_HEADERS 1
| #define HAVE_SYS_TYPES_H 1
| #define HAVE_SYS_STAT_H 1
| #define HAVE_STDLIB_H 1
| #define HAVE_STRING_H 1
| #define HAVE_MEMORY_H 1
| #define HAVE_STRINGS_H 1
| #define HAVE_INTTYPES_H 1
| #define HAVE_STDINT_H 1
| #define HAVE_UNISTD_H 1
| #define HAVE_DLFCN_H 1
| #define STDC_HEADERS 1
| /* end confdefs.h.  */
| #include <malloc.h>
configure:18596: result: no
configure:18596: checking for malloc.h
configure:18596: result: no
configure:18596: checking for unistd.h
configure:18596: result: yes
configure:18612: checking for an ANSI C-conforming const
configure:18678: g++ -c -g -I/sw/include conftest.cpp >&5
configure:18678: $? = 0
configure:18685: result: yes
configure:18693: checking for inline
configure:18709: g++ -c -g -I/sw/include conftest.cpp >&5
configure:18709: $? = 0
configure:18717: result: inline
configure:18737: checking for size_t
configure:18737: g++ -c -g -I/sw/include conftest.cpp >&5
configure:18737: $? = 0
configure:18737: g++ -c -g -I/sw/include conftest.cpp >&5
conftest.cpp: In function 'int main()':
conftest.cpp:58: error: expected primary-expression before ')' token
configure:18737: $? = 1
configure: failed program was:
| /* confdefs.h */
| #define PACKAGE_NAME ""
| #define PACKAGE_TARNAME ""
| #define PACKAGE_VERSION ""
| #define PACKAGE_STRING ""
| #define PACKAGE_BUGREPORT ""
| #define PACKAGE_URL ""
| #define STDC_HEADERS 1
| #define HAVE_SYS_TYPES_H 1
| #define HAVE_SYS_STAT_H 1
| #define HAVE_STDLIB_H 1
| #define HAVE_STRING_H 1
| #define HAVE_MEMORY_H 1
| #define HAVE_STRINGS_H 1
| #define HAVE_INTTYPES_H 1
| #define HAVE_STDINT_H 1
| #define HAVE_UNISTD_H 1
| #define HAVE_DLFCN_H 1
| #define STDC_HEADERS 1
| #define HAVE_UNISTD_H 1
| /* end confdefs.h.  */
| #include <stdio.h>
| #ifdef HAVE_SYS_TYPES_H
| # include <sys/types.h>
| #endif
| #ifdef HAVE_SYS_STAT_H
| # include <sys/stat.h>
| #endif
| #ifdef STDC_HEADERS
| # include <stdlib.h>
| # include <stddef.h>
| #else
| # ifdef HAVE_STDLIB_H
| #  include <stdlib.h>
| # endif
| #endif
| #ifdef HAVE_STRING_H
| # if !defined STDC_HEADERS && defined HAVE_MEMORY_H
| #  include <memory.h>
| # endif
| # include <string.h>
| #endif
| #ifdef HAVE_STRINGS_H
| # include <strings.h>
| #endif
| #ifdef HAVE_INTTYPES_H
| # include <inttypes.h>
| #endif
| #ifdef HAVE_STDINT_H
| # include <stdint.h>
| #endif
| #ifdef HAVE_UNISTD_H
| # include <unistd.h>
| #endif
| int
| main ()
| {
| if (sizeof ((size_t)))
| 	    return 0;
|   ;
|   return 0;
| }
configure:18737: result: yes
configure:18750: checking for working alloca.h
configure:18767: g++ -o conftest -g -I/sw/include -L/sw/lib conftest.cpp  >&5
configure:18767: $? = 0
configure:18775: result: yes
configure:18783: checking for alloca
configure:18820: g++ -o conftest -g -I/sw/include -L/sw/lib conftest.cpp  >&5
configure:18820: $? = 0
configure:18828: result: yes
configure:19057: creating ./config.status

## ---------------------- ##
## Running config.status. ##
## ---------------------- ##

This file was extended by config.status, which was
generated by GNU Autoconf 2.69.  Invocation command line was

  CONFIG_FILES    = 
  CONFIG_HEADERS  = 
  CONFIG_LINKS    = 
  CONFIG_COMMANDS = 
  $ ./config.status 

on centauri.local

config.status:828: creating config/config.h
configure:20221: checking whether make sets $(MAKE)
configure:20243: result: yes

## ---------------- ##
## Cache variables. ##
## ---------------- ##

ac_cv_build=i386-apple-darwin10.7.0
ac_cv_c_compiler_gnu=yes
ac_cv_c_const=yes
ac_cv_c_inline=inline
ac_cv_cxx_compiler_gnu=yes
ac_cv_env_CCC_set=
ac_cv_env_CCC_value=
ac_cv_env_CC_set=
ac_cv_env_CC_value=
ac_cv_env_CFLAGS_set=set
ac_cv_env_CFLAGS_value=-I/sw/include
ac_cv_env_CPPFLAGS_set=set
ac_cv_env_CPPFLAGS_value=-I/sw/include
ac_cv_env_CPP_set=
ac_cv_env_CPP_value=
ac_cv_env_CXXCPP_set=
ac_cv_env_CXXCPP_value=
ac_cv_env_CXXFLAGS_set=set
ac_cv_env_CXXFLAGS_value=-I/sw/include
ac_cv_env_CXX_set=
ac_cv_env_CXX_value=
ac_cv_env_F77_set=
ac_cv_env_F77_value=
ac_cv_env_FFLAGS_set=
ac_cv_env_FFLAGS_value=
ac_cv_env_LDFLAGS_set=set
ac_cv_env_LDFLAGS_value=-L/sw/lib
ac_cv_env_LIBS_set=
ac_cv_env_LIBS_value=
ac_cv_env_build_alias_set=
ac_cv_env_build_alias_value=
ac_cv_env_host_alias_set=
ac_cv_env_host_alias_value=
ac_cv_env_target_alias_set=
ac_cv_env_target_alias_value=
ac_cv_f77_compiler_gnu=yes
ac_cv_func_alloca_works=yes
ac_cv_header_dlfcn_h=yes
ac_cv_header_inttypes_h=yes
ac_cv_header_malloc_h=no
ac_cv_header_memory_h=yes
ac_cv_header_stdc=yes
ac_cv_header_stdint_h=yes
ac_cv_header_stdlib_h=yes
ac_cv_header_string_h=yes
ac_cv_header_strings_h=yes
ac_cv_header_sys_stat_h=yes
ac_cv_header_sys_types_h=yes
ac_cv_header_unistd_h=yes
ac_cv_host=i386-apple-darwin10.7.0
ac_cv_objext=o
ac_cv_path_EGREP='/usr/bin/grep -E'
ac_cv_path_GREP=/usr/bin/grep
ac_cv_path_INTLTOOL_PERL=/usr/bin/perl
ac_cv_prog_CPP='gcc -E'
ac_cv_prog_CXXCPP='g++ -E'
ac_cv_prog_ac_ct_AR=ar
ac_cv_prog_ac_ct_CC=gcc
ac_cv_prog_ac_ct_CXX=g++
ac_cv_prog_ac_ct_DSYMUTIL=dsymutil
ac_cv_prog_ac_ct_F77=gfortran
ac_cv_prog_ac_ct_NMEDIT=nmedit
ac_cv_prog_ac_ct_RANLIB=ranlib
ac_cv_prog_ac_ct_STRIP=strip
ac_cv_prog_cc_c89=
ac_cv_prog_cc_g=yes
ac_cv_prog_cxx_g=yes
ac_cv_prog_f77_g=yes
ac_cv_prog_make_make_set=yes
ac_cv_search_strerror='none required'
ac_cv_type_size_t=yes
ac_cv_working_alloca_h=yes
lt_cv_apple_cc_single_mod=yes
lt_cv_deplibs_check_method=pass_all
lt_cv_file_magic_cmd='$MAGIC_CMD'
lt_cv_file_magic_test_file=
lt_cv_ld_exported_symbols_list=yes
lt_cv_ld_reload_flag=-r
lt_cv_objdir=.libs
lt_cv_path_LD=/usr/libexec/gcc/i686-apple-darwin10/4.2.1/ld
lt_cv_path_LDCXX=/usr/libexec/gcc/i686-apple-darwin10/4.2.1/ld
lt_cv_path_NM=/usr/bin/nm
lt_cv_path_SED=/usr/bin/sed
lt_cv_prog_compiler_c_o=yes
lt_cv_prog_compiler_c_o_CXX=yes
lt_cv_prog_compiler_c_o_F77=yes
lt_cv_prog_compiler_pic_works=yes
lt_cv_prog_compiler_pic_works_CXX=yes
lt_cv_prog_compiler_pic_works_F77=yes
lt_cv_prog_compiler_rtti_exceptions=no
lt_cv_prog_compiler_static_works=no
lt_cv_prog_compiler_static_works_CXX=no
lt_cv_prog_compiler_static_works_F77=no
lt_cv_prog_gnu_ld=no
lt_cv_prog_gnu_ldcxx=no
lt_cv_sys_global_symbol_pipe='sed -n -e '\''s/^.*[ 	]\([BCDEGRST][BCDEGRST]*\)[ 	][ 	]*_\([_A-Za-z][_A-Za-z0-9]*\)$/\1 _\2 \2/p'\'''
lt_cv_sys_global_symbol_to_c_name_address='sed -n -e '\''s/^: \([^ ]*\) $/  {\"\1\", (lt_ptr) 0},/p'\'' -e '\''s/^[BCDEGRST] \([^ ]*\) \([^ ]*\)$/  {"\2", (lt_ptr) \&\2},/p'\'''
lt_cv_sys_global_symbol_to_cdecl='sed -n -e '\''s/^. .* \(.*\)$/extern int \1;/p'\'''
lt_cv_sys_lib_dlsearch_path_spec='/usr/local/lib /lib /usr/lib'
lt_cv_sys_lib_search_path_spec='/usr/lib/gcc/i686-apple-darwin10/4.2.1/x86_64 /usr/lib/i686-apple-darwin10/4.2.1 /usr/lib /usr/local/lib'
lt_cv_sys_max_cmd_len=196608
lt_lt_cv_prog_compiler_c_o='"yes"'
lt_lt_cv_prog_compiler_c_o_CXX='"yes"'
lt_lt_cv_prog_compiler_c_o_F77='"yes"'
lt_lt_cv_sys_global_symbol_pipe='"sed -n -e '\''s/^.*[ 	]\\([BCDEGRST][BCDEGRST]*\\)[ 	][ 	]*_\\([_A-Za-z][_A-Za-z0-9]*\\)\$/\\1 _\\2 \\2/p'\''"'
lt_lt_cv_sys_global_symbol_to_c_name_address='"sed -n -e '\''s/^: \\([^ ]*\\) \$/  {\\\"\\1\\\", (lt_ptr) 0},/p'\'' -e '\''s/^[BCDEGRST] \\([^ ]*\\) \\([^ ]*\\)\$/  {\"\\2\", (lt_ptr) \\&\\2},/p'\''"'
lt_lt_cv_sys_global_symbol_to_cdecl='"sed -n -e '\''s/^. .* \\(.*\\)\$/extern int \\1;/p'\''"'

## ----------------- ##
## Output variables. ##
## ----------------- ##

ALLOCA=''
AR='ar'
CC='gcc'
CFLAGS='-I/sw/include'
CLEANFILES='*~'
CPP='gcc -E'
CPPFLAGS='-I/sw/include'
CXX='g++'
CXXCPP='g++ -E'
CXXFLAGS='-g'
DEFS='-DHAVE_CONFIG_H'
DSYMUTIL='dsymutil'
ECHO='/bin/echo'
ECHO_C='\c'
ECHO_N=''
ECHO_T=''
EGREP='/usr/bin/grep -E'
EXEEXT=''
F77='gfortran'
FFLAGS='-g -O2'
GREP='/usr/bin/grep'
LDFLAGS='-L/sw/lib'
LIBOBJS=''
LIBS=''
LIBTOOL='$(SHELL) $(top_builddir)/libtool'
LN_S='ln -s'
LTLIBOBJS=''
NMEDIT='nmedit'
OBJEXT='o'
PACKAGE_BUGREPORT=''
PACKAGE_NAME=''
PACKAGE_STRING=''
PACKAGE_TARNAME=''
PACKAGE_URL=''
PACKAGE_VERSION=''
PATH_SEPARATOR=':'
RANLIB='ranlib'
SED='/usr/bin/sed'
SET_MAKE=''
SHELL='/bin/sh'
STRIP='strip'
ac_ct_CC='gcc'
ac_ct_CXX='g++'
ac_ct_F77='gfortran'
bindir='${exec_prefix}/bin'
build='i386-apple-darwin10.7.0'
build_alias=''
build_cpu='i386'
build_os='darwin10.7.0'
build_vendor='apple'
datadir='${datarootdir}'
datarootdir='${prefix}/share'
docdir='${datarootdir}/doc/${PACKAGE}'
dvidir='${docdir}'
exec_prefix='${prefix}'
host='i386-apple-darwin10.7.0'
host_alias=''
host_cpu='i386'
host_os='darwin10.7.0'
host_vendor='apple'
htmldir='${docdir}'
includedir='${prefix}/include'
infodir='${datarootdir}/info'
libdir='${exec_prefix}/lib'
libexecdir='${exec_prefix}/libexec'
localedir='${datarootdir}/locale'
localstatedir='${prefix}/var'
mandir='${datarootdir}/man'
oldincludedir='/usr/include'
pdfdir='${docdir}'
prefix='/usr/local'
program_transform_name='s,x,x,'
psdir='${docdir}'
sbindir='${exec_prefix}/sbin'
sharedstatedir='${prefix}/com'
sysconfdir='${prefix}/etc'
target_alias=''

## ----------- ##
## confdefs.h. ##
## ----------- ##

/* confdefs.h */
#define PACKAGE_NAME ""
#define PACKAGE_TARNAME ""
#define PACKAGE_VERSION ""
#define PACKAGE_STRING ""
#define PACKAGE_BUGREPORT ""
#define PACKAGE_URL ""
#define STDC_HEADERS 1
#define HAVE_SYS_TYPES_H 1
#define HAVE_SYS_STAT_H 1
#define HAVE_STDLIB_H 1
#define HAVE_STRING_H 1
#define HAVE_MEMORY_H 1
#define HAVE_STRINGS_H 1
#define HAVE_INTTYPES_H 1
#define HAVE_STDINT_H 1
#define HAVE_UNISTD_H 1
#define HAVE_DLFCN_H 1
#define STDC_HEADERS 1
#define HAVE_UNISTD_H 1
#define HAVE_ALLOCA_H 1
#define HAVE_ALLOCA 1

configure: exit 0
