This file contains any messages produced by compilers while
running configure, to aid debugging if configure makes a mistake.

It was created by configure, which was
generated by GNU Autoconf 2.57.  Invocation command line was

  $ ./configure 

## --------- ##
## Platform. ##
## --------- ##

hostname = scecco
uname -m = i686
uname -r = 1.5.5(0.94/3/2)
uname -s = CYGWIN_NT-5.1
uname -v = 2003-09-20 16:31

/usr/bin/uname -p = unknown
/bin/uname -X     = unknown

/bin/arch              = unknown
/usr/bin/arch -k       = unknown
/usr/convex/getsysinfo = unknown
hostinfo               = unknown
/bin/machine           = unknown
/usr/bin/oslevel       = unknown
/bin/universe          = unknown

PATH: /usr/local/bin
PATH: /usr/bin
PATH: /bin
PATH: /usr/X11R6/bin
PATH: /cygdrive/c/Programmi/MikteK/texmf/miktex/bin
PATH: /cygdrive/c/WINDOWS/system32
PATH: /cygdrive/c/WINDOWS
PATH: /cygdrive/c/WINDOWS/System32/Wbem
PATH: /cygdrive/c/Programmi/SSH Secure Shell


## ----------- ##
## Core tests. ##
## ----------- ##

configure:1261: checking for a BSD-compatible install
configure:1315: result: /usr/bin/install -c
configure:1326: checking whether build environment is sane
configure:1369: result: yes
configure:1402: checking for gawk
configure:1418: found /usr/bin/gawk
configure:1428: result: gawk
configure:1438: checking whether make sets $(MAKE)
configure:1458: result: yes
configure:1674: checking for g++
configure:1690: found /usr/bin/g++
configure:1700: result: g++
configure:1716: checking for C++ compiler version
configure:1719: g++ --version </dev/null >&5
g++ (GCC) 3.3.1 (cygming special)
Copyright (C) 2003 Free Software Foundation, Inc.
This is free software; see the source for copying conditions.  There is NO
warranty; not even for MERCHANTABILITY or FITNESS FOR A PARTICULAR PURPOSE.

configure:1722: $? = 0
configure:1724: g++ -v </dev/null >&5
Reading specs from /usr/lib/gcc-lib/i686-pc-cygwin/3.3.1/specs
Configured with: /GCC/gcc-3.3.1-3/configure --with-gcc --with-gnu-ld --with-gnu-as --prefix=/usr --exec-prefix=/usr --sysconfdir=/etc --libdir=/usr/lib --libexecdir=/usr/sbin --mandir=/usr/share/man --infodir=/usr/share/info --enable-languages=c,ada,c++,f77,pascal,java,objc --enable-libgcj --enable-threads=posix --with-system-zlib --enable-nls --without-included-gettext --enable-interpreter --enable-sjlj-exceptions --disable-version-specific-runtime-libs --enable-shared --disable-win32-registry --enable-java-gc=boehm --disable-hash-synchronization --verbose --target=i686-pc-cygwin --host=i686-pc-cygwin --build=i686-pc-cygwin
Thread model: posix
gcc version 3.3.1 (cygming special)
configure:1727: $? = 0
configure:1729: g++ -V </dev/null >&5
g++: `-V' option must have argument
configure:1732: $? = 1
configure:1756: checking for C++ compiler default output
configure:1759: g++    conftest.cc  >&5
configure:1762: $? = 0
configure:1808: result: a.exe
configure:1813: checking whether the C++ compiler works
configure:1819: ./a.exe
configure:1822: $? = 0
configure:1839: result: yes
configure:1846: checking whether we are cross compiling
configure:1848: result: no
configure:1851: checking for suffix of executables
configure:1853: g++ -o conftest.exe    conftest.cc  >&5
configure:1856: $? = 0
configure:1881: result: .exe
configure:1887: checking for suffix of object files
configure:1909: g++ -c   conftest.cc >&5
configure:1912: $? = 0
configure:1934: result: o
configure:1938: checking whether we are using the GNU C++ compiler
configure:1963: g++ -c   conftest.cc >&5
configure:1966: $? = 0
configure:1969: test -s conftest.o
configure:1972: $? = 0
configure:1985: result: yes
configure:1991: checking whether g++ accepts -g
configure:2013: g++ -c -g  conftest.cc >&5
configure:2016: $? = 0
configure:2019: test -s conftest.o
configure:2022: $? = 0
configure:2033: result: yes
configure:2077: g++ -c -g -O2  conftest.cc >&5
configure:2080: $? = 0
configure:2083: test -s conftest.o
configure:2086: $? = 0
configure:2113: g++ -c -g -O2  conftest.cc >&5
configure: In function `int main()':
configure:2110: error: `exit' undeclared (first use this function)
configure:2110: error: (Each undeclared identifier is reported only once for 
   each function it appears in.)
configure:2116: $? = 1
configure: failed program was:
| #line 2096 "configure"
| /* confdefs.h.  */
| 
| #define PACKAGE_NAME ""
| #define PACKAGE_TARNAME ""
| #define PACKAGE_VERSION ""
| #define PACKAGE_STRING ""
| #define PACKAGE_BUGREPORT ""
| #define PACKAGE "dci"
| #define VERSION "2.0"
| /* end confdefs.h.  */
| 
| int
| main ()
| {
| exit (42);
|   ;
|   return 0;
| }
configure:2077: g++ -c -g -O2  conftest.cc >&5
configure:2080: $? = 0
configure:2083: test -s conftest.o
configure:2086: $? = 0
configure:2113: g++ -c -g -O2  conftest.cc >&5
configure:2116: $? = 0
configure:2119: test -s conftest.o
configure:2122: $? = 0
configure:2156: checking for style of include used by make
configure:2184: result: GNU
configure:2212: checking dependency style of g++
configure:2295: result: gcc3
configure:2324: checking for a BSD-compatible install
configure:2378: result: /usr/bin/install -c
configure:2430: checking for ranlib
configure:2446: found /usr/bin/ranlib
configure:2457: result: ranlib
configure:2610: creating ./config.status

## ---------------------- ##
## Running config.status. ##
## ---------------------- ##

This file was extended by config.status, which was
generated by GNU Autoconf 2.57.  Invocation command line was

  CONFIG_FILES    = 
  CONFIG_HEADERS  = 
  CONFIG_LINKS    = 
  CONFIG_COMMANDS = 
  $ ./config.status 

on scecco

config.status:645: creating Makefile
config.status:645: creating src/Makefile
config.status:770: executing depfiles commands

## ---------------- ##
## Cache variables. ##
## ---------------- ##

ac_cv_cxx_compiler_gnu=yes
ac_cv_env_CPPFLAGS_set=
ac_cv_env_CPPFLAGS_value=
ac_cv_env_CXXFLAGS_set=
ac_cv_env_CXXFLAGS_value=
ac_cv_env_CXX_set=
ac_cv_env_CXX_value=
ac_cv_env_LDFLAGS_set=
ac_cv_env_LDFLAGS_value=
ac_cv_env_build_alias_set=
ac_cv_env_build_alias_value=
ac_cv_env_host_alias_set=
ac_cv_env_host_alias_value=
ac_cv_env_target_alias_set=
ac_cv_env_target_alias_value=
ac_cv_exeext=.exe
ac_cv_objext=o
ac_cv_path_install='/usr/bin/install -c'
ac_cv_prog_AWK=gawk
ac_cv_prog_ac_ct_CXX=g++
ac_cv_prog_ac_ct_RANLIB=ranlib
ac_cv_prog_cxx_g=yes
ac_cv_prog_make_make_set=yes
am_cv_CXX_dependencies_compiler_type=gcc3

## ----------------- ##
## Output variables. ##
## ----------------- ##

ACLOCAL='${SHELL} /cygdrive/c/docs/LAVORO/DCI_CLOSED/sorgenti/dci/dci-2.0.02/missing --run aclocal-1.7'
AMDEPBACKSLASH='\'
AMDEP_FALSE='#'
AMDEP_TRUE=''
AMTAR='${SHELL} /cygdrive/c/docs/LAVORO/DCI_CLOSED/sorgenti/dci/dci-2.0.02/missing --run tar'
AUTOCONF='${SHELL} /cygdrive/c/docs/LAVORO/DCI_CLOSED/sorgenti/dci/dci-2.0.02/missing --run autoconf'
AUTOHEADER='${SHELL} /cygdrive/c/docs/LAVORO/DCI_CLOSED/sorgenti/dci/dci-2.0.02/missing --run autoheader'
AUTOMAKE='${SHELL} /cygdrive/c/docs/LAVORO/DCI_CLOSED/sorgenti/dci/dci-2.0.02/missing --run automake-1.7'
AWK='gawk'
CPPFLAGS=''
CXX='g++'
CXXDEPMODE='depmode=gcc3'
CXXFLAGS='-g -O2'
CYGPATH_W='cygpath -w'
DEFS='-DPACKAGE_NAME=\"\" -DPACKAGE_TARNAME=\"\" -DPACKAGE_VERSION=\"\" -DPACKAGE_STRING=\"\" -DPACKAGE_BUGREPORT=\"\" -DPACKAGE=\"dci\" -DVERSION=\"2.0\" '
DEPDIR='.deps'
ECHO_C=''
ECHO_N='-n'
ECHO_T=''
EXEEXT='.exe'
INSTALL_DATA='${INSTALL} -m 644'
INSTALL_PROGRAM='${INSTALL}'
INSTALL_SCRIPT='${INSTALL}'
INSTALL_STRIP_PROGRAM='${SHELL} $(install_sh) -c -s'
LDFLAGS=''
LIBOBJS=''
LIBS=''
LTLIBOBJS=''
MAKEINFO='${SHELL} /cygdrive/c/docs/LAVORO/DCI_CLOSED/sorgenti/dci/dci-2.0.02/missing --run makeinfo'
OBJEXT='o'
PACKAGE='dci'
PACKAGE_BUGREPORT=''
PACKAGE_NAME=''
PACKAGE_STRING=''
PACKAGE_TARNAME=''
PACKAGE_VERSION=''
PATH_SEPARATOR=':'
RANLIB='ranlib'
SET_MAKE=''
SHELL='/bin/bash'
STRIP=''
VERSION='2.0'
ac_ct_CXX='g++'
ac_ct_RANLIB='ranlib'
ac_ct_STRIP=''
am__fastdepCXX_FALSE='#'
am__fastdepCXX_TRUE=''
am__include='include'
am__leading_dot='.'
am__quote=''
bindir='${exec_prefix}/bin'
build_alias=''
datadir='${prefix}/share'
exec_prefix='${prefix}'
host_alias=''
includedir='${prefix}/include'
infodir='${prefix}/info'
install_sh='/cygdrive/c/docs/LAVORO/DCI_CLOSED/sorgenti/dci/dci-2.0.02/install-sh'
libdir='${exec_prefix}/lib'
libexecdir='${exec_prefix}/libexec'
localstatedir='${prefix}/var'
mandir='${prefix}/man'
oldincludedir='/usr/include'
prefix='/usr/local'
program_transform_name='s,x,x,'
sbindir='${exec_prefix}/sbin'
sharedstatedir='${prefix}/com'
sysconfdir='${prefix}/etc'
target_alias=''

## ----------- ##
## confdefs.h. ##
## ----------- ##

#define PACKAGE "dci"
#define PACKAGE_BUGREPORT ""
#define PACKAGE_NAME ""
#define PACKAGE_STRING ""
#define PACKAGE_TARNAME ""
#define PACKAGE_VERSION ""
#define VERSION "2.0"
#endif
#ifdef __cplusplus
#include <stdlib.h>

configure: exit 0
